Time (EDT) 	Latitude 	Longitude 	Course 	kts 	mph 	feet 	Rate 	Reporting Facility
Thu 02:38:34 PM    Departure (KJEF) @ Thursday 01:38:34 PM CDT			FlightAware
Thu 02:38:34 PM 	38.6006 	-92.1706 	← 313° 	78 	90 	1,156 	 Level 	FlightAware ADS-B (KJEF)
Thu 02:39:38 PM 	38.5992 	-92.1971 	← 250° 	86 	99 	1,756 	574 Climbing 	FlightAware ADS-B (KVER)
Thu 02:39:55 PM 	38.5965 	-92.2056 	← 252° 	90 	104 	1,931 	574 Climbing 	FlightAware ADS-B (KVER)
Thu 02:40:12 PM 	38.5940 	-92.2142 	↙ 243° 	89 	102 	2,081 	500 Climbing 	FlightAware ADS-B (KVER)
Thu 02:40:28 PM 	38.5909 	-92.2215 	↙ 241° 	88 	101 	2,206 	469 Climbing 	FlightAware ADS-B (KCOU)
Thu 02:40:44 PM 	38.5877 	-92.2285 	↙ 240° 	87 	100 	2,331 	422 Climbing 	FlightAware ADS-B (KVER)
Thu 02:41:00 PM 	38.5847 	-92.2357 	↙ 241° 	88 	101 	2,431 	516 Climbing 	FlightAware ADS-B (KVER)
Thu 02:41:16 PM 	38.5820 	-92.2432 	← 249° 	88 	101 	2,606 	618 Climbing 	FlightAware ADS-B (KVER)
Thu 02:41:34 PM 	38.5794 	-92.2519 	← 252° 	85 	98 	2,781 	477 Climbing 	FlightAware ADS-B (KCOU)
Thu 02:42:00 PM 	38.5757 	-92.2638 	← 246° 	86 	99 	2,956 	571 Climbing 	FlightAware ADS-B (KTBN)
Thu 02:42:16 PM 	38.5730 	-92.2711 	↙ 243° 	87 	100 	3,181 	706 Climbing 	FlightAware ADS-B (KDMO)
Thu 02:42:34 PM 	38.5696 	-92.2794 	↙ 245° 	89 	102 	3,356 	522 Climbing 	FlightAware ADS-B (KCOU)
Thu 02:43:02 PM 	38.5650 	-92.2925 	← 247° 	91 	105 	3,581 	406 Climbing 	FlightAware ADS-B (KTBN)
Thu 02:43:22 PM 	38.5613 	-92.3029 	↙ 245° 	97 	112 	3,681 	333 Climbing 	FlightAware ADS-B (KTBN)
Thu 02:43:47 PM 	38.5561 	-92.3160 	↙ 242° 	104 	120 	3,831 	146 Climbing 	FlightAware ADS-B (KTBN)
Thu 02:44:03 PM 	38.5523 	-92.3250 	↙ 243° 	108 	124 	3,781 	-94 Descending 	FlightAware ADS-B (KVER)
Thu 02:44:19 PM 	38.5486 	-92.3336 	↙ 241° 	106 	122 	3,781 	-67 Descending 	FlightAware ADS-B (KVER)
Thu 02:44:48 PM 	38.5419 	-92.3492 	↙ 242° 	104 	120 	3,731 	-153 Descending 	FlightAware ADS-B (KTBN)
Thu 02:45:08 PM 	38.5370 	-92.3602 	↙ 241° 	106 	122 	3,656 	-203 Descending 	FlightAware ADS-B (KVER)
Thu 02:45:25 PM 	38.5332 	-92.3696 	↙ 243° 	106 	122 	3,606 	-228 Descending 	FlightAware ADS-B (KMHL)
Thu 02:45:54 PM 	38.5267 	-92.3856 	↙ 245° 	103 	119 	3,481 	-67 Descending 	FlightAware ADS-B (KTBN)
Thu 02:46:10 PM 	38.5237 	-92.3940 	↙ 245° 	99 	114 	3,556 	65 Climbing 	FlightAware ADS-B (KTBN)
Thu 02:46:40 PM 	38.5177 	-92.4103 	↙ 244° 	101 	116 	3,531 	33 Climbing 	FlightAware ADS-B (KDMO)
Thu 02:46:56 PM 	38.5134 	-92.4183 	↙ 222° 	96 	110 	3,581 	88 Climbing 	FlightAware ADS-B (KDMO)
Thu 02:47:14 PM 	38.5061 	-92.4207 	↓ 166° 	100 	115 	3,581 	83 Climbing 	FlightAware ADS-B (KVER)
Thu 02:47:32 PM 	38.4984 	-92.4183 	↓ 179° 	94 	108 	3,631 	 Level 	FlightAware ADS-B (KDMO)
Thu 02:47:52 PM 	38.4897 	-92.4196 	↓ 192° 	98 	113 	3,581 	-75 Descending 	FlightAware ADS-B (KTBN)
Thu 02:48:12 PM 	38.4869 	-92.4288 	← 303° 	93 	107 	3,581 	 Level 	FlightAware ADS-B (KTBN)
Thu 02:48:28 PM 	38.4924 	-92.4326 	↑ 5° 	89 	102 	3,581 	-83 Descending 	FlightAware ADS-B (KSZL)
Thu 02:48:48 PM 	38.4967 	-92.4243 	→ 93° 	92 	106 	3,531 	-150 Descending 	FlightAware ADS-B (KTBN)
Thu 02:49:08 PM 	38.4898 	-92.4191 	↓ 183° 	98 	113 	3,481 	-70 Descending 	FlightAware ADS-B (KVER)
Thu 02:49:31 PM 	38.4792 	-92.4195 	↓ 184° 	97 	112 	3,481 	75 Climbing 	FlightAware ADS-B (KVER)
Thu 02:49:48 PM 	38.4721 	-92.4203 	↓ 182° 	94 	108 	3,531 	182 Climbing 	FlightAware ADS-B (KTBN)
Thu 02:50:04 PM 	38.4650 	-92.4208 	↓ 185° 	96 	110 	3,581 	197 Climbing 	FlightAware ADS-B (KVER)
Thu 02:50:26 PM 	38.4557 	-92.4210 	↓ 180° 	102 	117 	3,656 	118 Climbing 	FlightAware ADS-B (KCOU)
Thu 02:50:42 PM 	38.4484 	-92.4213 	↓ 182° 	85 	98 	3,656 	37 Climbing 	FlightAware ADS-B (KCOU)
Thu 02:51:07 PM 	38.4410 	-92.4224 	↓ 186° 	63 	72 	3,681 	90 Climbing 	FlightAware ADS-B (KDMO)
Thu 02:51:32 PM 	38.4337 	-92.4242 	↓ 195° 	62 	71 	3,731 	67 Climbing 	FlightAware ADS-B (KVER)
Thu 02:51:52 PM 	38.4281 	-92.4267 	↙ 201° 	63 	72 	3,731 	38 Climbing 	FlightAware ADS-B (KVER)
Thu 02:52:11 PM 	38.4229 	-92.4291 	↙ 204° 	62 	71 	3,756 	75 Climbing 	FlightAware ADS-B (KTBN)
Thu 02:52:32 PM 	38.4172 	-92.4311 	↓ 188° 	62 	71 	3,781 	39 Climbing 	FlightAware ADS-B (KAIZ)
Thu 02:52:49 PM 	38.4123 	-92.4320 	↓ 187° 	61 	70 	3,781 	39 Climbing 	FlightAware ADS-B (KTBN)
Thu 02:53:10 PM 	38.4062 	-92.4322 	↓ 183° 	62 	71 	3,806 	 Level 	FlightAware ADS-B (KVER)
Thu 02:53:32 PM 	38.4001 	-92.4330 	↓ 187° 	63 	72 	3,781 	-71 Descending 	FlightAware ADS-B (KVER)
Thu 02:53:52 PM 	38.3941 	-92.4348 	↓ 200° 	66 	76 	3,756 	-115 Descending 	FlightAware ADS-B (KTBN)
Thu 02:54:11 PM 	38.3888 	-92.4366 	↓ 194° 	67 	77 	3,706 	43 Climbing 	FlightAware ADS-B (KDMO)
Thu 02:54:27 PM 	38.3843 	-92.4374 	↓ 184° 	61 	70 	3,781 	203 Climbing 	FlightAware ADS-B (KCOU)
Thu 02:54:48 PM 	38.3778 	-92.4381 	↓ 187° 	66 	76 	3,831 	162 Climbing 	FlightAware ADS-B (KVER)
Thu 02:55:04 PM 	38.3731 	-92.4378 	↓ 183° 	69 	79 	3,881 	265 Climbing 	FlightAware ADS-B (KTBN)
Thu 02:55:22 PM 	38.3678 	-92.4384 	↓ 190° 	67 	77 	3,981 	111 Climbing 	FlightAware ADS-B (KAIZ)
Thu 02:55:44 PM 	38.3609 	-92.4401 	↓ 187° 	64 	74 	3,955 	-70 Descending 	FlightAware ADS-B (KTBN)
Thu 02:56:06 PM 	38.3547 	-92.4415 	↓ 187° 	64 	74 	3,930 	-122 Descending 	FlightAware ADS-B (KVER)
Thu 02:56:33 PM 	38.3475 	-92.4420 	↓ 185° 	62 	71 	3,855 	-228 Descending 	FlightAware ADS-B (KAIZ)
Thu 02:56:52 PM 	38.3417 	-92.4433 	↓ 195° 	64 	74 	3,755 	-197 Descending 	FlightAware ADS-B (KVER)
Thu 02:57:11 PM 	38.3362 	-92.4442 	↓ 187° 	60 	69 	3,730 	-129 Descending 	FlightAware ADS-B (KTBN)
Thu 02:57:27 PM 	38.3320 	-92.4450 	↙ 201° 	61 	70 	3,680 	-200 Descending 	FlightAware ADS-B (KTBN)
Thu 02:57:56 PM 	38.3240 	-92.4466 	↓ 189° 	61 	70 	3,580 	-228 Descending 	FlightAware ADS-B (KDMO)
Thu 02:58:13 PM 	38.3193 	-92.4477 	↓ 194° 	63 	72 	3,505 	-203 Descending 	FlightAware ADS-B (KTBN)
Thu 02:58:33 PM 	38.3135 	-92.4491 	↓ 186° 	62 	71 	3,455 	-38 Descending 	FlightAware ADS-B (KTBN)
Thu 02:58:52 PM 	38.3083 	-92.4495 	↓ 170° 	58 	67 	3,480 	38 Climbing 	FlightAware ADS-B (KVER)
Thu 02:59:12 PM 	38.3052 	-92.4446 	→ 93° 	54 	62 	3,480 	-42 Descending 	FlightAware ADS-B (KTBN)
Thu 02:59:28 PM 	38.3052 	-92.4394 	→ 89° 	57 	66 	3,455 	-36 Descending 	FlightAware ADS-B (KTBN)
Thu 02:59:54 PM 	38.3051 	-92.4304 	→ 90° 	56 	64 	3,455 	128 Climbing 	FlightAware ADS-B (KVER)
Thu 03:00:15 PM 	38.3052 	-92.4240 	→ 90° 	55 	63 	3,555 	179 Climbing 	FlightAware ADS-B (KCOU)
Thu 03:00:36 PM 	38.3054 	-92.4167 	→ 84° 	59 	68 	3,580 	100 Climbing 	FlightAware ADS-B (KSZL)
Thu 03:01:00 PM 	38.3057 	-92.4084 	→ 92° 	54 	62 	3,630 	-31 Descending 	FlightAware ADS-B (KVER)
Thu 03:01:25 PM 	38.3049 	-92.4003 	→ 95° 	54 	62 	3,555 	-34 Descending 	FlightAware ADS-B (KVER)
Thu 03:01:44 PM 	38.3048 	-92.3940 	→ 93° 	54 	62 	3,605 	-42 Descending 	FlightAware ADS-B (KDMO)
Thu 03:02:01 PM 	38.3044 	-92.3874 	→ 94° 	52 	60 	3,530 	-125 Descending 	FlightAware ADS-B (KVER)
Thu 03:02:20 PM 	38.3035 	-92.3817 	→ 101° 	56 	64 	3,530 	174 Climbing 	FlightAware ADS-B (KSZL)
Thu 03:02:44 PM 	38.3037 	-92.3720 	→ 87° 	83 	96 	3,655 	139 Climbing 	FlightAware ADS-B (KAIZ)
Thu 03:03:14 PM 	38.3052 	-92.3560 	→ 80° 	91 	105 	3,655 	 Level 	FlightAware ADS-B (KCOU)
Thu 03:03:35 PM 	38.3072 	-92.3439 	→ 82° 	89 	102 	3,655 	120 Climbing 	FlightAware ADS-B (KVER)
Thu 03:04:04 PM 	38.3079 	-92.3315 	→ 87° 	66 	76 	3,755 	360 Climbing 	FlightAware ADS-B (KAIZ)
Thu 03:04:25 PM 	38.3093 	-92.3237 	→ 74° 	60 	69 	3,955 	231 Climbing 	FlightAware ADS-B (KDMO)
Thu 03:04:56 PM 	38.3125 	-92.3083 	→ 76° 	90 	104 	3,955 	 Level 	FlightAware ADS-B (KVER)
Thu 03:05:16 PM 	38.3139 	-92.3003 	→ 79° 	62 	71 	3,955 	-333 Descending 	FlightAware ADS-B (KTBN)
Thu 03:05:32 PM 	38.3147 	-92.2945 	→ 77° 	64 	74 	3,755 	-386 Descending 	FlightAware ADS-B (KVER)
Thu 03:05:51 PM 	38.3162 	-92.2864 	→ 77° 	89 	102 	3,730 	33 Climbing 	FlightAware ADS-B (KAIZ)
Thu 03:06:18 PM 	38.3180 	-92.2744 	→ 82° 	67 	77 	3,780 	145 Climbing 	FlightAware ADS-B (KVER)
Thu 03:06:53 PM 	38.3195 	-92.2588 	→ 84° 	97 	112 	3,880 	115 Climbing 	FlightAware ADS-B (KTBN)
Thu 03:07:10 PM 	38.3201 	-92.2497 	→ 88° 	97 	112 	3,880 	83 Climbing 	FlightAware ADS-B (KDMO)
Thu 03:07:29 PM 	38.3199 	-92.2398 	→ 93° 	93 	107 	3,930 	156 Climbing 	FlightAware ADS-B (KCOU)
Thu 03:07:58 PM 	38.3196 	-92.2233 	→ 90° 	92 	106 	4,005 	60 Climbing 	FlightAware ADS-B (KDMO)
Thu 03:08:19 PM 	38.3194 	-92.2121 	→ 91° 	87 	100 	3,980 	 Level 	FlightAware ADS-B (KDMO)
Thu 03:08:35 PM 	38.3198 	-92.2038 	→ 66° 	89 	102 	4,005 	 Level 	FlightAware ADS-B (KTBN)
Thu 03:08:53 PM 	38.3254 	-92.2048 	← 286° 	100 	115 	3,980 	-86 Descending 	FlightAware ADS-B (KVER)
Thu 03:09:10 PM 	38.3205 	-92.2098 	↓ 162° 	97 	112 	3,955 	88 Climbing 	FlightAware ADS-B (KAIZ)
Thu 03:09:27 PM 	38.3186 	-92.2014 	→ 85° 	92 	106 	4,030 	71 Climbing 	FlightAware ADS-B (KVER)
Thu 03:09:52 PM 	38.3189 	-92.1875 	→ 88° 	90 	104 	4,005 	-70 Descending 	FlightAware ADS-B (KVER)
Thu 03:10:10 PM 	38.3194 	-92.1786 	→ 80° 	88 	101 	3,980 	-125 Descending 	FlightAware ADS-B (KCOU)
Thu 03:10:28 PM 	38.3252 	-92.1782 	← 292° 	106 	122 	3,930 	-81 Descending 	FlightAware ADS-B (KDMO)
Thu 03:10:47 PM 	38.3194 	-92.1826 	↓ 160° 	100 	115 	3,930 	71 Climbing 	FlightAware ADS-B (KDMO)
Thu 03:11:10 PM 	38.3188 	-92.1708 	→ 83° 	95 	109 	3,980 	102 Climbing 	FlightAware ADS-B (KVER)
Thu 03:11:31 PM 	38.3196 	-92.1592 	→ 85° 	94 	108 	4,005 	-220 Descending 	FlightAware ADS-B (KTBN)
Thu 03:11:51 PM 	38.3150 	-92.1539 	↙ 229° 	109 	125 	3,830 	-203 Descending 	FlightAware ADS-B (KCOU)
Thu 03:12:08 PM 	38.3175 	-92.1612 	↑ 353° 	94 	108 	3,880 	 Level 	FlightAware ADS-B (KAIZ)
Thu 03:12:30 PM 	38.3214 	-92.1506 	→ 90° 	100 	115 	3,830 	-110 Descending 	FlightAware ADS-B (KVER)
Thu 03:12:49 PM 	38.3215 	-92.1403 	→ 88° 	93 	107 	3,805 	73 Climbing 	FlightAware ADS-B (KTBN)
Thu 03:13:11 PM 	38.3219 	-92.1296 	→ 89° 	86 	99 	3,880 	-38 Descending 	FlightAware ADS-B (KCOU)
Thu 03:13:28 PM 	38.3165 	-92.1254 	↓ 194° 	105 	121 	3,780 	-125 Descending 	FlightAware ADS-B (KVER)
Thu 03:13:47 PM 	38.3185 	-92.1342 	↖ 334° 	98 	113 	3,805 	 Level 	FlightAware ADS-B (KCOU)
Thu 03:14:05 PM 	38.3224 	-92.1266 	→ 88° 	97 	112 	3,780 	 Level 	FlightAware ADS-B (KTBN)
Thu 03:14:34 PM 	38.3224 	-92.1103 	→ 89° 	96 	110 	3,805 	63 Climbing 	FlightAware ADS-B (KDMO)
Thu 03:14:53 PM 	38.3231 	-92.0996 	→ 88° 	93 	107 	3,830 	162 Climbing 	FlightAware ADS-B (KDMO)
Thu 03:15:11 PM 	38.3219 	-92.0907 	↘ 146° 	107 	123 	3,905 	 Level 	FlightAware ADS-B (KCOU)
Thu 03:15:30 PM 	38.3159 	-92.0961 	← 274° 	96 	110 	3,830 	-115 Descending 	FlightAware ADS-B (KDMO)
Thu 03:15:50 PM 	38.3223 	-92.1003 	↗ 35° 	95 	109 	3,830 	83 Climbing 	FlightAware ADS-B (KDMO)
Thu 03:16:06 PM 	38.3223 	-92.0928 	↘ 139° 	99 	114 	3,880 	94 Climbing 	FlightAware ADS-B (KCOU)
Thu 03:16:22 PM 	38.3167 	-92.0960 	← 265° 	99 	114 	3,880 	-42 Descending 	FlightAware ADS-B (KTBN)
Thu 03:16:42 PM 	38.3224 	-92.0999 	↗ 39° 	95 	109 	3,855 	167 Climbing 	FlightAware ADS-B (KCOU)
Thu 03:17:07 PM 	38.3239 	-92.0865 	→ 88° 	90 	104 	4,005 	179 Climbing 	FlightAware ADS-B (KDMO)
Thu 03:17:24 PM 	38.3237 	-92.0761 	→ 95° 	97 	112 	3,980 	-44 Descending 	FlightAware ADS-B (KTBN)
Thu 03:17:41 PM 	38.3233 	-92.0667 	→ 93° 	96 	110 	3,980 	-41 Descending 	FlightAware ADS-B (KVER)
Thu 03:18:01 PM 	38.3267 	-92.0587 	↑ 358° 	95 	109 	3,955 	-42 Descending 	FlightAware ADS-B (KTBN)
Thu 03:18:17 PM 	38.3332 	-92.0618 	↑ 341° 	93 	107 	3,955 	136 Climbing 	FlightAware ADS-B (KDMO)
Thu 03:18:34 PM 	38.3400 	-92.0649 	↖ 337° 	90 	104 	4,030 	150 Climbing 	FlightAware ADS-B (KTBN)
Thu 03:18:57 PM 	38.3492 	-92.0700 	↖ 335° 	94 	108 	4,055 	110 Climbing 	FlightAware ADS-B (KTBN)
Thu 03:19:15 PM 	38.3558 	-92.0742 	↑ 342° 	94 	108 	4,105 	176 Climbing 	FlightAware ADS-B (KMHL)
Thu 03:19:31 PM 	38.3622 	-92.0764 	↑ 349° 	92 	106 	4,155 	88 Climbing 	FlightAware ADS-B (KMHL)
Thu 03:19:49 PM 	38.3697 	-92.0789 	↑ 343° 	94 	108 	4,155 	43 Climbing 	FlightAware ADS-B (KSZL)
Thu 03:20:06 PM 	38.3766 	-92.0817 	↑ 341° 	91 	105 	4,180 	 Level 	FlightAware ADS-B (KMHL)
Thu 03:20:31 PM 	38.3872 	-92.0858 	↑ 346° 	97 	112 	4,155 	-100 Descending 	FlightAware ADS-B (KTBN)
Thu 03:20:51 PM 	38.3964 	-92.0878 	↑ 349° 	97 	112 	4,105 	-192 Descending 	FlightAware ADS-B (KDMO)
Thu 03:21:10 PM 	38.4045 	-92.0901 	↑ 348° 	101 	116 	4,030 	-107 Descending 	FlightAware ADS-B (KMHL)
Thu 03:21:33 PM 	38.4149 	-92.0929 	↑ 348° 	101 	116 	4,030 	-83 Descending 	FlightAware ADS-B (KDMO)
Thu 03:22:04 PM 	38.4287 	-92.0978 	↑ 345° 	102 	117 	3,955 	-125 Descending 	FlightAware ADS-B (KTBN)
Thu 03:22:21 PM 	38.4364 	-92.1004 	↑ 345° 	100 	115 	3,930 	-474 Descending 	FlightAware ADS-B (KVER)
Thu 03:22:42 PM 	38.4461 	-92.1024 	↑ 353° 	107 	123 	3,655 	-649 Descending 	FlightAware ADS-B (KDMO)
Thu 03:22:58 PM 	38.4534 	-92.1041 	↑ 352° 	103 	119 	3,530 	-500 Descending 	FlightAware ADS-B (KDMO)
Thu 03:23:15 PM 	38.4618 	-92.1055 	↑ 355° 	105 	121 	3,380 	-636 Descending 	FlightAware ADS-B (KVER)
Thu 03:23:38 PM 	38.4727 	-92.1071 	↑ 352° 	104 	120 	3,106 	-674 Descending 	FlightAware ADS-B (KCOU)
Thu 03:23:55 PM 	38.4811 	-92.1091 	↑ 348° 	99 	114 	2,931 	-768 Descending 	FlightAware ADS-B (KVER)
Thu 03:24:19 PM 	38.4912 	-92.1123 	↑ 348° 	94 	108 	2,581 	-900 Descending 	FlightAware ADS-B (KJEF)
Thu 03:24:40 PM 	38.5007 	-92.1152 	↑ 343° 	97 	112 	2,256 	-900 Descending 	FlightAware ADS-B (KDMO)
Thu 03:24:59 PM 	38.5080 	-92.1183 	↑ 341° 	96 	110 	1,981 	-729 Descending 	FlightAware ADS-B (KJEF)
Thu 03:25:15 PM 	38.5149 	-92.1217 	↑ 343° 	93 	107 	1,831 	-654 Descending 	FlightAware ADS-B (KVER)
Thu 03:25:38 PM 	38.5238 	-92.1252 	↑ 340° 	93 	107 	1,556 	-163 Descending 	FlightAware ADS-B (KJEF)
Thu 03:30:00 PM 	38.5989 	-92.1703 	← 298° 	81 	93 	1,056 	-52 Descending 	FlightAware ADS-B (KJEF)
Thu 03:30:25 PM 	38.5941 	-92.1798 	↙ 213° 	80 	92 	1,306 	571 Climbing 	FlightAware ADS-B (KJEF)
Thu 03:30:42 PM 	38.5886 	-92.1807 	↘ 153° 	83 	96 	1,456 	333 Climbing 	FlightAware ADS-B (KJEF)
Thu 03:31:01 PM 	38.5839 	-92.1737 	↘ 123° 	91 	105 	1,506 	234 Climbing 	FlightAware ADS-B (KVER)
Thu 03:31:19 PM 	38.5799 	-92.1653 	↘ 120° 	91 	105 	1,600 	-9 Descending 	FlightAware ADS-B (KCOU)
Thu 03:31:40 PM 	38.5749 	-92.1558 	↘ 124° 	93 	107 	1,500 	-154 Descending 	FlightAware ADS-B (KVER)
Thu 03:31:58 PM 	38.5716 	-92.1485 	↘ 121° 	74 	85 	1,500 	-162 Descending 	FlightAware ADS-B (KVER)
Thu 03:34:45 PM 	38.5981 	-92.1686 	← 302° 	81 	93 	1,000 	-131 Descending 	FlightAware ADS-B (KJEF)
Thu 03:35:01 PM 	38.5982 	-92.1757 	↙ 226° 	91 	105 	1,100 	750 Climbing 	FlightAware ADS-B (KJEF)
Thu 03:35:17 PM 	38.5933 	-92.1800 	↙ 214° 	87 	100 	1,400 	667 Climbing 	FlightAware ADS-B (KCOU)
Thu 03:35:37 PM 	38.5863 	-92.1783 	↘ 133° 	91 	105 	1,500 	150 Climbing 	FlightAware ADS-B (KCOU)
Thu 03:35:57 PM 	38.5808 	-92.1690 	↘ 125° 	96 	110 	1,500 	150 Climbing 	FlightAware ADS-B (KCOU)
Thu 03:36:17 PM 	38.5761 	-92.1600 	↘ 125° 	90 	104 	1,600 	 Level 	FlightAware ADS-B (KVER)
Thu 03:36:39 PM 	38.5715 	-92.1510 	↘ 122° 	80 	92 	1,500 	-216 Descending 	FlightAware ADS-B (KVER)
Thu 03:39:31 PM 	38.5980 	-92.1685 	← 302° 	73 	84 	900 	-61 Descending 	FlightAware ADS-B (KJEF)
Thu 03:39:57 PM 	38.5944 	-92.1776 	↙ 216° 	83 	96 	1,300 	857 Climbing 	FlightAware ADS-B (KVER)
Thu 03:40:13 PM 	38.5886 	-92.1810 	↓ 171° 	85 	98 	1,500 	649 Climbing 	FlightAware ADS-B (KJEF)
Thu 03:40:34 PM 	38.5833 	-92.1735 	↘ 122° 	92 	106 	1,700 	308 Climbing 	FlightAware ADS-B (KCOU)
Thu 03:40:52 PM 	38.5786 	-92.1649 	↘ 122° 	94 	108 	1,700 	 Level 	FlightAware ADS-B (KCOU)
Thu 03:41:09 PM 	38.5747 	-92.1569 	↘ 122° 	92 	106 	1,700 	162 Climbing 	FlightAware ADS-B (KVER)
Thu 03:41:29 PM 	38.5703 	-92.1476 	↘ 121° 	92 	106 	1,800 	 Level 	FlightAware ADS-B (KVER)
Thu 03:41:46 PM 	38.5670 	-92.1394 	→ 110° 	78 	90 	1,700 	-314 Descending 	FlightAware ADS-B (KJEF)
Thu 03:44:21 PM 	38.5953 	-92.1630 	← 301° 	85 	98 	900 	-170 Descending 	FlightAware ADS-B (KJEF)
Thu 03:44:42 PM 	38.6000 	-92.1706 	← 305° 	81 	93 	1,200 	649 Climbing 	FlightAware ADS-B (KJEF)
Thu 03:44:58 PM 	38.5984 	-92.1774 	↙ 226° 	81 	93 	1,300 	563 Climbing 	FlightAware ADS-B (KCOU)
Thu 03:45:14 PM 	38.5933 	-92.1823 	↙ 207° 	84 	97 	1,500 	375 Climbing 	FlightAware ADS-B (KJEF)
Thu 03:45:30 PM 	38.5875 	-92.1791 	↘ 124° 	99 	114 	1,500 	182 Climbing 	FlightAware ADS-B (KCOU)
Thu 03:45:47 PM 	38.5831 	-92.1713 	↘ 126° 	98 	113 	1,600 	182 Climbing 	FlightAware ADS-B (KJEF)
Thu 03:46:03 PM 	38.5789 	-92.1633 	↘ 123° 	104 	120 	1,600 	-188 Descending 	FlightAware ADS-B (KCOU)
Thu 03:46:19 PM 	38.5750 	-92.1562 	↘ 126° 	99 	114 	1,500 	-162 Descending 	FlightAware ADS-B (KVER)
Thu 03:46:40 PM    Arrival (KJEF) @ Thursday 02:46:40 PM CDT			FlightAware
Thu 03:46:40 PM 	38.5697 	-92.1463 	↘ 122° 	83 	96 	1,500 	 Level 	FlightAware ADS-B (KVER) 