Time (CDT) 	Latitude 	Longitude 	Course 	kts 	feet 	Rate 	Reporting Facility
Tue 18:21:17    Departure (KJEF) @ Tuesday 18:21:17 CDT
		FlightAware
Tue 18:21:17 	38.5718 	-92.1500 	↙ 235° 	77 	1,631 	 Level 	FlightAware ADS-B (KCOU)
Tue 18:21:34 	38.5680 	-92.1562 	↙ 232° 	80 	1,781 	771 Climbing 	FlightAware ADS-B (KVER)
Tue 18:21:52 	38.5636 	-92.1629 	↙ 233° 	80 	2,081 	838 Climbing 	FlightAware ADS-B (KJEF)
Tue 18:22:08 	38.5602 	-92.1685 	↙ 237° 	82 	2,256 	844 Climbing 	FlightAware ADS-B (KCOU)
Tue 18:22:24 	38.5561 	-92.1751 	↙ 233° 	82 	2,531 	938 Climbing 	FlightAware ADS-B (KVER)
Tue 18:22:40 	38.5525 	-92.1817 	↙ 238° 	82 	2,756 	818 Climbing 	FlightAware ADS-B (KJEF)
Tue 18:22:57 	38.5492 	-92.1886 	↙ 238° 	82 	2,981 	864 Climbing 	FlightAware ADS-B (KTBN)
Tue 18:23:13 	38.5458 	-92.1946 	↙ 231° 	77 	3,231 	703 Climbing 	FlightAware ADS-B (KCOU)
Tue 18:23:29 	38.5420 	-92.2000 	↙ 228° 	80 	3,356 	609 Climbing 	FlightAware ADS-B (KSZL)
Tue 18:23:45 	38.5382 	-92.2058 	↙ 231° 	80 	3,556 	516 Climbing 	FlightAware ADS-B (KVER)
Tue 18:24:01 	38.5342 	-92.2117 	↙ 227° 	93 	3,631 	250 Climbing 	FlightAware ADS-B (KSZL)
Tue 18:24:27 	38.5260 	-92.2233 	↙ 231° 	102 	3,731 	107 Climbing 	FlightAware ADS-B (KTBN)
Tue 18:24:43 	38.5212 	-92.2307 	↙ 234° 	101 	3,706 	-83 Descending 	FlightAware ADS-B (KJEF)
Tue 18:25:03 	38.5152 	-92.2398 	↙ 234° 	98 	3,681 	-118 Descending 	FlightAware ADS-B (KTBN)
Tue 18:25:21 	38.5104 	-92.2481 	↙ 234° 	97 	3,631 	-44 Descending 	FlightAware ADS-B (KVER)
Tue 18:25:37 	38.5063 	-92.2551 	↙ 232° 	96 	3,656 	43 Climbing 	FlightAware ADS-B (KVER)
Tue 18:25:56 	38.5007 	-92.2642 	↙ 232° 	98 	3,656 	 Level 	FlightAware ADS-B (KJEF)
Tue 18:26:21 	38.4939 	-92.2751 	↙ 234° 	96 	3,656 	65 Climbing 	FlightAware ADS-B (KTBN)
Tue 18:26:42 	38.4881 	-92.2845 	↙ 235° 	99 	3,706 	 Level 	FlightAware ADS-B (KTBN)
Tue 18:27:08 	38.4808 	-92.2963 	↙ 234° 	99 	3,656 	-65 Descending 	FlightAware ADS-B (KVER)
Tue 18:27:28 	38.4735 	-92.3022 	↓ 179° 	100 	3,656 	-42 Descending 	FlightAware ADS-B (KVER)
Tue 18:27:44 	38.4679 	-92.2974 	↘ 121° 	99 	3,631 	-136 Descending 	FlightAware ADS-B (KDMO)
Tue 18:28:01 	38.4618 	-92.2914 	↓ 181° 	96 	3,581 	-132 Descending 	FlightAware ADS-B (KVER)
Tue 18:28:18 	38.4558 	-92.2947 	↙ 227° 	92 	3,556 	-136 Descending 	FlightAware ADS-B (KVER)
Tue 18:28:34 	38.4555 	-92.3032 	← 297° 	95 	3,506 	-45 Descending 	FlightAware ADS-B (KSZL)
Tue 18:28:51 	38.4594 	-92.3116 	← 287° 	95 	3,531 	44 Climbing 	FlightAware ADS-B (KVER)
Tue 18:29:08 	38.4588 	-92.3203 	← 246° 	95 	3,531 	39 Climbing 	FlightAware ADS-B (KDMO)
Tue 18:29:29 	38.4526 	-92.3301 	↙ 228° 	92 	3,556 	88 Climbing 	FlightAware ADS-B (KVER)
Tue 18:29:59 	38.4441 	-92.3416 	↙ 227° 	94 	3,606 	64 Climbing 	FlightAware ADS-B (KDMO)
Tue 18:30:16 	38.4370 	-92.3461 	↓ 179° 	94 	3,606 	39 Climbing 	FlightAware ADS-B (KVER)
Tue 18:30:37 	38.4278 	-92.3461 	↓ 178° 	93 	3,631 	75 Climbing 	FlightAware ADS-B (KTBN)
Tue 18:30:56 	38.4194 	-92.3458 	↓ 180° 	97 	3,656 	43 Climbing 	FlightAware ADS-B (KTBN)
Tue 18:31:12 	38.4125 	-92.3455 	↓ 178° 	99 	3,656 	105 Climbing 	FlightAware ADS-B (KVER)
Tue 18:31:39 	38.4001 	-92.3452 	↓ 181° 	98 	3,731 	55 Climbing 	FlightAware ADS-B (KDMO)
Tue 18:32:05 	38.3880 	-92.3453 	↓ 182° 	86 	3,705 	-1 Descending 	FlightAware ADS-B (KVER)
Tue 18:32:22 	38.3826 	-92.3455 	↓ 182° 	65 	3,730 	105 Climbing 	FlightAware ADS-B (KTBN)
Tue 18:32:48 	38.3752 	-92.3456 	↓ 179° 	58 	3,780 	33 Climbing 	FlightAware ADS-B (KTBN)
Tue 18:33:08 	38.3696 	-92.3454 	↓ 178° 	61 	3,755 	-32 Descending 	FlightAware ADS-B (KTBN)
Tue 18:33:35 	38.3621 	-92.3456 	↓ 179° 	61 	3,755 	 Level 	FlightAware ADS-B (KVER)
Tue 18:33:53 	38.3570 	-92.3444 	↘ 151° 	61 	3,755 	 Level 	FlightAware ADS-B (KVER)
Tue 18:34:12 	38.3540 	-92.3393 	→ 106° 	62 	3,755 	39 Climbing 	FlightAware ADS-B (KSZL)
Tue 18:34:31 	38.3534 	-92.3322 	→ 95° 	60 	3,780 	38 Climbing 	FlightAware ADS-B (KTBN)
Tue 18:34:52 	38.3540 	-92.3252 	→ 82° 	63 	3,780 	 Level 	FlightAware ADS-B (KDMO)
Tue 18:35:11 	38.3523 	-92.3189 	↘ 137° 	57 	3,780 	 Level 	FlightAware ADS-B (KCOU)
Tue 18:35:29 	38.3476 	-92.3172 	↓ 184° 	57 	3,780 	-71 Descending 	FlightAware ADS-B (KTBN)
Tue 18:35:53 	38.3411 	-92.3176 	↓ 180° 	60 	3,730 	-75 Descending 	FlightAware ADS-B (KVER)
Tue 18:36:09 	38.3368 	-92.3177 	↓ 181° 	60 	3,730 	-324 Descending 	FlightAware ADS-B (KTBN)
Tue 18:36:30 	38.3301 	-92.3180 	↓ 183° 	70 	3,530 	-419 Descending 	FlightAware ADS-B (KVER)
Tue 18:36:52 	38.3238 	-92.3183 	↓ 179° 	74 	3,430 	-36 Descending 	FlightAware ADS-B (KVER)
Tue 18:37:12 	38.3165 	-92.3180 	↓ 179° 	86 	3,505 	341 Climbing 	FlightAware ADS-B (KCOU)
Tue 18:37:36 	38.3069 	-92.3180 	↓ 187° 	87 	3,680 	256 Climbing 	FlightAware ADS-B (KVER)
Tue 18:37:53 	38.3060 	-92.3250 	↖ 325° 	94 	3,680 	221 Climbing 	FlightAware ADS-B (KCOU)
Tue 18:38:10 	38.3137 	-92.3251 	↑ 4° 	85 	3,805 	269 Climbing 	FlightAware ADS-B (KVER)
Tue 18:38:32 	38.3223 	-92.3247 	↑ 1° 	89 	3,855 	143 Climbing 	FlightAware ADS-B (KSZL)
Tue 18:38:52 	38.3311 	-92.3253 	↑ 0° 	94 	3,905 	31 Climbing 	FlightAware ADS-B (KVER)
Tue 18:39:21 	38.3435 	-92.3254 	↑ 358° 	99 	3,880 	-133 Descending 	FlightAware ADS-B (KSZL)
Tue 18:39:37 	38.3518 	-92.3258 	↑ 358° 	102 	3,805 	-265 Descending 	FlightAware ADS-B (KVER)
Tue 18:39:55 	38.3602 	-92.3261 	↑ 1° 	104 	3,730 	-132 Descending 	FlightAware ADS-B (KTBN)
Tue 18:40:11 	38.3679 	-92.3260 	↑ 1° 	99 	3,730 	-150 Descending 	FlightAware ADS-B (KVER)
Tue 18:40:35 	38.3774 	-92.3252 	↑ 5° 	78 	3,630 	92 Climbing 	FlightAware ADS-B (KVER)
Tue 18:41:00 	38.3841 	-92.3258 	↑ 348° 	58 	3,805 	366 Climbing 	FlightAware ADS-B (KDMO)
Tue 18:41:16 	38.3898 	-92.3278 	↑ 349° 	79 	3,880 	148 Climbing 	FlightAware ADS-B (KVER)
Tue 18:41:41 	38.3988 	-92.3287 	↑ 359° 	93 	3,906 	97 Climbing 	FlightAware ADS-B (KAIZ)
Tue 18:42:03 	38.4090 	-92.3286 	↑ 0° 	95 	3,956 	-163 Descending 	FlightAware ADS-B (KVER)
Tue 18:42:20 	38.4168 	-92.3284 	↑ 2° 	98 	3,800 	-427 Descending 	FlightAware ADS-B (KVER)
Tue 18:42:39 	38.4253 	-92.3280 	↑ 4° 	103 	3,700 	-171 Descending 	FlightAware ADS-B (KTBN)
Tue 18:42:55 	38.4329 	-92.3273 	↑ 5° 	105 	3,700 	-150 Descending 	FlightAware ADS-B (KTBN)
Tue 18:43:19 	38.4444 	-92.3257 	↑ 8° 	101 	3,600 	-150 Descending 	FlightAware ADS-B (KTBN)
Tue 18:43:35 	38.4513 	-92.3244 	↑ 9° 	99 	3,600 	 Level 	FlightAware ADS-B (KDMO)
Tue 18:43:59 	38.4619 	-92.3241 	↑ 1° 	83 	3,600 	-136 Descending 	FlightAware ADS-B (KTBN)
Tue 18:44:19 	38.4693 	-92.3235 	↑ 2° 	70 	3,500 	 Level 	FlightAware ADS-B (KTBN)
Tue 18:44:43 	38.4778 	-92.3240 	↑ 352° 	82 	3,600 	250 Climbing 	FlightAware ADS-B (KVER)
Tue 18:45:07 	38.4867 	-92.3252 	↑ 355° 	87 	3,700 	109 Climbing 	FlightAware ADS-B (KJEF)
Tue 18:45:38 	38.5003 	-92.3268 	↑ 355° 	85 	3,700 	-128 Descending 	FlightAware ADS-B (KTBN)
Tue 18:45:54 	38.5051 	-92.3270 	↑ 0° 	66 	3,600 	 Level 	FlightAware ADS-B (KJEF)
Tue 18:46:12 	38.5102 	-92.3271 	↑ 6° 	58 	3,700 	146 Climbing 	FlightAware ADS-B (KCOU)
Tue 18:46:35 	38.5177 	-92.3276 	↑ 356° 	83 	3,700 	 Level 	FlightAware ADS-B (KVER)
Tue 18:46:52 	38.5244 	-92.3278 	↑ 1° 	93 	3,700 	 Level 	FlightAware ADS-B (KTBN)
Tue 18:47:14 	38.5335 	-92.3275 	↑ 3° 	98 	3,700 	 Level 	FlightAware ADS-B (KSZL)
Tue 18:47:34 	38.5429 	-92.3270 	↑ 359° 	92 	3,700 	 Level 	FlightAware ADS-B (KSZL)
Tue 18:47:53 	38.5498 	-92.3268 	↑ 0° 	67 	3,700 	343 Climbing 	FlightAware ADS-B (KCOU)
Tue 18:48:09 	38.5543 	-92.3268 	↑ 1° 	73 	3,900 	140 Climbing 	FlightAware ADS-B (KJEF)
Tue 18:48:36 	38.5656 	-92.3267 	↑ 1° 	94 	3,800 	-279 Descending 	FlightAware ADS-B (KVER)
Tue 18:48:52 	38.5725 	-92.3260 	↑ 7° 	89 	3,700 	-1,421 Descending 	FlightAware ADS-B (KVER)
Tue 18:49:14 	38.5797 	-92.3170 	↗ 52° 	121 	2,900 	-2,250 Descending 	FlightAware ADS-B (KMHL)
Tue 18:49:32 	38.5864 	-92.3062 	↗ 46° 	115 	2,200 	-1,765 Descending 	FlightAware ADS-B (KVER)
Tue 18:49:48 	38.5933 	-92.3007 	↑ 17° 	121 	1,900 	-462 Descending 	FlightAware ADS-B (KJEF)
Tue 18:50:11 	38.6050 	-92.2984 	↑ 9° 	105 	1,900 	 Level 	FlightAware ADS-B (KJEF)
Tue 18:50:29 	38.6133 	-92.2991 	↑ 343° 	103 	1,900 	 Level 	FlightAware ADS-B (KCOU)
Tue 18:50:47 	38.6209 	-92.3021 	↑ 351° 	100 	1,900 	-158 Descending 	FlightAware ADS-B (KJEF)
Tue 18:51:07 	38.6306 	-92.3022 	↑ 3° 	102 	1,800 	-286 Descending 	FlightAware ADS-B (KCOU)
Tue 18:51:29 	38.6413 	-92.3006 	↑ 10° 	104 	1,700 	-279 Descending 	FlightAware ADS-B (KVER)
Tue 18:51:50 	38.6512 	-92.2984 	↑ 9° 	104 	1,600 	-150 Descending 	FlightAware ADS-B (KJEF)
Tue 18:52:09 	38.6605 	-92.2963 	↑ 10° 	103 	1,600 	 Level 	FlightAware ADS-B (KVER)
Tue 18:52:26 	38.6675 	-92.2950 	↑ 6° 	100 	1,600 	 Level 	FlightAware ADS-B (KCOU)
Tue 18:52:54 	38.6802 	-92.2928 	↑ 11° 	96 	1,600 	-125 Descending 	FlightAware ADS-B (KCOU)
Tue 18:53:14 	38.6886 	-92.2887 	↗ 38° 	98 	1,500 	-300 Descending 	FlightAware ADS-B (KVER)
Tue 18:53:34 	38.6955 	-92.2803 	↗ 27° 	98 	1,400 	-300 Descending 	FlightAware ADS-B (KVER)
Tue 18:53:54 	38.6998 	-92.2859 	↙ 233° 	92 	1,300 	-245 Descending 	FlightAware ADS-B (KVER)
Tue 18:54:23 	38.6870 	-92.2891 	↓ 185° 	101 	1,200 	-130 Descending 	FlightAware ADS-B (KVER)
Tue 18:54:40 	38.6794 	-92.2899 	↓ 188° 	102 	1,200 	176 Climbing 	FlightAware ADS-B (KVER)
Tue 18:54:57 	38.6752 	-92.2963 	← 278° 	89 	1,300 	150 Climbing 	FlightAware ADS-B (KJEF)
Tue 18:55:20 	38.6833 	-92.3009 	↑ 342° 	86 	1,300 	-140 Descending 	FlightAware ADS-B (KVER)
Tue 18:55:40 	38.6832 	-92.3092 	↓ 194° 	102 	1,200 	-154 Descending 	FlightAware ADS-B (KVER)
Tue 18:55:59 	38.6753 	-92.3098 	← 246° 	90 	1,200 	 Level 	FlightAware ADS-B (KCOU)
Tue 18:56:15 	38.6798 	-92.3137 	↑ 9° 	94 	1,200 	 Level 	FlightAware ADS-B (KVER)
Tue 18:56:35 	38.6855 	-92.3188 	← 258° 	89 	1,200 	-158 Descending 	FlightAware ADS-B (KVER)
Tue 18:56:53 	38.6791 	-92.3229 	↓ 197° 	97 	1,100 	 Level 	FlightAware ADS-B (KVER)
Tue 18:57:11 	38.6782 	-92.3305 	↖ 316° 	86 	1,200 	 Level 	FlightAware ADS-B (KCOU)
Tue 18:57:29 	38.6853 	-92.3311 	↗ 33° 	97 	1,100 	158 Climbing 	FlightAware ADS-B (KVER)
Tue 18:57:49 	38.6920 	-92.3240 	↑ 16° 	93 	1,300 	474 Climbing 	FlightAware ADS-B (KVER)
Tue 18:58:07 	38.6988 	-92.3246 	↖ 320° 	87 	1,400 	158 Climbing 	FlightAware ADS-B (KCOU)
Tue 18:58:27 	38.6996 	-92.3344 	↙ 238° 	86 	1,400 	162 Climbing 	FlightAware ADS-B (KCOU)
Tue 18:58:44 	38.6934 	-92.3401 	↓ 187° 	96 	1,500 	162 Climbing 	FlightAware ADS-B (KVER)
Tue 18:59:04 	38.6861 	-92.3344 	↘ 115° 	100 	1,500 	 Level 	FlightAware ADS-B (KVER)
Tue 18:59:20 	38.6871 	-92.3260 	↗ 46° 	98 	1,500 	 Level 	FlightAware ADS-B (KVER)
Tue 18:59:40 	38.6954 	-92.3247 	↖ 329° 	98 	1,500 	 Level 	FlightAware ADS-B (KVER)
Tue 19:00:00 	38.6978 	-92.3351 	← 246° 	100 	1,500 	 Level 	FlightAware ADS-B (KVER)
Tue 19:00:17 	38.6912 	-92.3395 	↓ 174° 	106 	1,500 	128 Climbing 	FlightAware ADS-B (KCOU)
Tue 19:00:47 	38.6767 	-92.3395 	↓ 196° 	104 	1,600 	128 Climbing 	FlightAware ADS-B (KVER)
Tue 19:01:04 	38.6690 	-92.3400 	↘ 150° 	107 	1,600 	-162 Descending 	FlightAware ADS-B (KCOU)
Tue 19:01:24 	38.6692 	-92.3296 	↗ 26° 	107 	1,500 	-167 Descending 	FlightAware ADS-B (KCOU)
Tue 19:01:40 	38.6765 	-92.3291 	↑ 1° 	95 	1,500 	-188 Descending 	FlightAware ADS-B (KCOU)
Tue 19:01:56 	38.6836 	-92.3278 	↗ 32° 	103 	1,400 	-333 Descending 	FlightAware ADS-B (KVER)
Tue 19:02:16 	38.6835 	-92.3175 	↘ 148° 	107 	1,300 	-167 Descending 	FlightAware ADS-B (KCOU)
Tue 19:02:32 	38.6768 	-92.3156 	↘ 149° 	100 	1,300 	 Level 	FlightAware ADS-B (KVER)
Tue 19:02:51 	38.6765 	-92.3065 	↗ 27° 	93 	1,300 	 Level 	FlightAware ADS-B (KVER)
Tue 19:03:09 	38.6843 	-92.3053 	↑ 2° 	92 	1,300 	316 Climbing 	FlightAware ADS-B (KCOU)
Tue 19:03:29 	38.6902 	-92.3097 	← 280° 	82 	1,500 	486 Climbing 	FlightAware ADS-B (KVER)
Tue 19:03:46 	38.6872 	-92.3170 	↙ 211° 	97 	1,600 	176 Climbing 	FlightAware ADS-B (KCOU)
Tue 19:04:03 	38.6794 	-92.3151 	↘ 134° 	109 	1,600 	 Level 	FlightAware ADS-B (KVER)
Tue 19:04:21 	38.6738 	-92.3068 	↘ 129° 	107 	1,600 	 Level 	FlightAware ADS-B (KVER)
Tue 19:04:40 	38.6683 	-92.2976 	↘ 129° 	107 	1,600 	 Level 	FlightAware ADS-B (KJEF)
Tue 19:04:56 	38.6633 	-92.2895 	↘ 128° 	105 	1,600 	-136 Descending 	FlightAware ADS-B (KJEF)
Tue 19:05:24 	38.6549 	-92.2760 	↘ 129° 	100 	1,500 	-113 Descending 	FlightAware ADS-B (KCOU)
Tue 19:05:49 	38.6482 	-92.2646 	↘ 125° 	100 	1,500 	 Level 	FlightAware ADS-B (KJEF)
Tue 19:06:05 	38.6441 	-92.2568 	↘ 123° 	99 	1,500 	 Level 	FlightAware ADS-B (KCOU)
Tue 19:06:31 	38.6367 	-92.2446 	↘ 126° 	98 	1,500 	-59 Descending 	FlightAware ADS-B (KCOU)
Tue 19:07:46 	38.6174 	-92.2068 	↘ 126° 	90 	1,400 	-132 Descending 	FlightAware ADS-B (KVER)
Tue 19:08:02 	38.6137 	-92.2001 	↘ 124° 	87 	1,300 	-545 Descending 	FlightAware ADS-B (KJEF)
Tue 19:08:19 	38.6100 	-92.1925 	↘ 121° 	92 	1,100 	-545 Descending 	FlightAware ADS-B (KVER)
Tue 19:08:35 	38.6065 	-92.1853 	↘ 121° 	81 	1,000 	-462 Descending 	FlightAware ADS-B (KVER)
Tue 19:08:58 	38.6024 	-92.1766 	↘ 122° 	74 	800 	 Level 	FlightAware ADS-B (KJEF)
Tue 19:13:54 	38.5999 	-92.1716 	← 300° 	76 	1,000 	76 Climbing 	FlightAware ADS-B (KJEF)
Tue 19:14:12 	38.5999 	-92.1788 	↙ 225° 	79 	1,200 	686 Climbing 	FlightAware ADS-B (KCOU)
Tue 19:14:29 	38.5952 	-92.1834 	↙ 213° 	78 	1,400 	529 Climbing 	FlightAware ADS-B (KCOU)
Tue 19:14:46 	38.5887 	-92.1843 	↘ 149° 	98 	1,500 	364 Climbing 	FlightAware ADS-B (KJEF)
Tue 19:15:02 	38.5844 	-92.1771 	↘ 122° 	100 	1,600 	176 Climbing 	FlightAware ADS-B (KVER)
Tue 19:15:20 	38.5799 	-92.1681 	↘ 122° 	102 	1,600 	 Level 	FlightAware ADS-B (KVER)
Tue 19:15:37 	38.5757 	-92.1596 	↘ 122° 	101 	1,600 	 Level 	FlightAware ADS-B (KVER)
Tue 19:15:54 	38.5716 	-92.1516 	↘ 122° 	85 	1,600 	 Level 	FlightAware ADS-B (KVER)
Tue 19:16:13 	38.5677 	-92.1437 	↘ 122° 	78 	1,600 	-240 Descending 	FlightAware ADS-B (KCOU)
Tue 19:16:44 	38.5690 	-92.1312 	↗ 50° 	87 	1,400 	-135 Descending 	FlightAware ADS-B (KVER)
Tue 19:19:11 	38.5977 	-92.1759 	↙ 227° 	83 	1,200 	 Level 	FlightAware ADS-B (KCOU)
Tue 19:19:27 	38.5928 	-92.1803 	↙ 209° 	81 	1,400 	563 Climbing 	FlightAware ADS-B (KVER)
Tue 19:19:43 	38.5871 	-92.1806 	↘ 143° 	88 	1,500 	353 Climbing 	FlightAware ADS-B (KCOU)
Tue 19:20:01 	38.5824 	-92.1724 	↘ 123° 	95 	1,600 	158 Climbing 	FlightAware ADS-B (KJEF)
Tue 19:20:21 	38.5778 	-92.1632 	↘ 121° 	92 	1,600 	 Level 	FlightAware ADS-B (KCOU)
Tue 19:20:39 	38.5741 	-92.1552 	↘ 120° 	83 	1,600 	-167 Descending 	FlightAware ADS-B (KVER)
Tue 19:20:57 	38.5709 	-92.1479 	↘ 121° 	78 	1,500 	-324 Descending 	FlightAware ADS-B (KJEF)
Tue 19:21:16 	38.5672 	-92.1400 	↘ 120° 	79 	1,400 	-300 Descending 	FlightAware ADS-B (KVER)
Tue 19:21:37 	38.5705 	-92.1318 	↘ 111° 	77 	1,300 	-107 Descending 	FlightAware ADS-B (KJEF)
Tue 19:24:05 	38.6001 	-92.1730 	← 313° 	63 	1,100 	 Level 	FlightAware ADS-B (KVER)
Tue 19:24:23 	38.5969 	-92.1796 	↙ 215° 	81 	1,300 	686 Climbing 	FlightAware ADS-B (KCOU)
Tue 19:24:40 	38.5913 	-92.1826 	↓ 176° 	81 	1,500 	529 Climbing 	FlightAware ADS-B (KVER)
Tue 19:24:57 	38.5856 	-92.1785 	↘ 138° 	91 	1,600 	176 Climbing 	FlightAware ADS-B (KJEF)
Tue 19:25:14 	38.5809 	-92.1713 	↘ 123° 	98 	1,600 	 Level 	FlightAware ADS-B (KCOU)
Tue 19:25:34 	38.5760 	-92.1611 	↘ 122° 	102 	1,600 	-158 Descending 	FlightAware ADS-B (KCOU)
Tue 19:25:52 	38.5715 	-92.1520 	↘ 123° 	92 	1,500 	-343 Descending 	FlightAware ADS-B (KVER)
Tue 19:26:09 	38.5682 	-92.1443 	↘ 116° 	87 	1,400 	-128 Descending 	FlightAware ADS-B (KJEF)
Tue 19:28:59 	38.5999 	-92.1727 	← 286° 	76 	1,100 	-32 Descending 	FlightAware ADS-B (KJEF)
Tue 19:29:16 	38.5970 	-92.1791 	↙ 208° 	79 	1,300 	727 Climbing 	FlightAware ADS-B (KVER)
Tue 19:29:32 	38.5917 	-92.1828 	↓ 198° 	79 	1,500 	514 Climbing 	FlightAware ADS-B (KCOU)
Tue 19:29:51 	38.5848 	-92.1789 	↘ 131° 	100 	1,600 	171 Climbing 	FlightAware ADS-B (KVER)
Tue 19:30:07 	38.5807 	-92.1711 	↘ 121° 	99 	1,600 	171 Climbing 	FlightAware ADS-B (KVER)
Tue 19:30:26 	38.5762 	-92.1618 	↘ 122° 	97 	1,700 	 Level 	FlightAware ADS-B (KJEF)
Tue 19:30:42 	38.5726 	-92.1542 	↘ 120° 	88 	1,600 	-353 Descending 	FlightAware ADS-B (KVER)
Tue 19:31:00 	38.5688 	-92.1460 	↘ 119° 	84 	1,500 	-115 Descending 	FlightAware ADS-B (KCOU)
Tue 19:34:10 	38.5998 	-92.1755 	← 251° 	78 	1,200 	-29 Descending 	FlightAware ADS-B (KJEF)
Tue 19:34:26 	38.5956 	-92.1804 	↙ 215° 	78 	1,400 	563 Climbing 	FlightAware ADS-B (KVER)
Tue 19:34:42 	38.5904 	-92.1835 	↓ 179° 	84 	1,500 	375 Climbing 	FlightAware ADS-B (KJEF)
Tue 19:34:58 	38.5848 	-92.1784 	↘ 127° 	93 	1,600 	182 Climbing 	FlightAware ADS-B (KJEF)
Tue 19:35:15 	38.5807 	-92.1704 	↘ 121° 	100 	1,600 	171 Climbing 	FlightAware ADS-B (KVER)
Tue 19:35:33 	38.5767 	-92.1613 	↘ 118° 	99 	1,700 	 Level 	FlightAware ADS-B (KCOU)
Tue 19:35:51 	38.5729 	-92.1517 	↘ 116° 	90 	1,600 	-353 Descending 	FlightAware ADS-B (KJEF)
Tue 19:36:07 	38.5700 	-92.1449 	↘ 119° 	82 	1,500 	-529 Descending 	FlightAware ADS-B (KCOU)
Tue 19:36:25 	38.5675 	-92.1373 	↘ 119° 	84 	1,300 	-141 Descending 	FlightAware ADS-B (KJEF)
Tue 19:38:57 	38.6009 	-92.1750 	← 278° 	76 	1,100 	 Level 	FlightAware ADS-B (KJEF)
Tue 19:39:14 	38.5973 	-92.1812 	↙ 212° 	82 	1,300 	706 Climbing 	FlightAware ADS-B (KCOU)
Tue 19:39:31 	38.5913 	-92.1850 	↓ 189° 	82 	1,500 	364 Climbing 	FlightAware ADS-B (KJEF)
Tue 19:39:47 	38.5860 	-92.1814 	↘ 132° 	95 	1,500 	 Level 	FlightAware ADS-B (KJEF)
Tue 19:40:06 	38.5809 	-92.1721 	↘ 121° 	98 	1,500 	171 Climbing 	FlightAware ADS-B (KCOU)
Tue 19:40:22 	38.5773 	-92.1644 	↘ 120° 	96 	1,600 	 Level 	FlightAware ADS-B (KJEF)
Tue 19:40:43 	38.5724 	-92.1544 	↘ 122° 	91 	1,500 	-154 Descending 	FlightAware ADS-B (KVER)
Tue 19:41:01 	38.5690 	-92.1467 	↘ 120° 	84 	1,500 	-208 Descending 	FlightAware ADS-B (KVER)
Tue 19:43:36 	38.5969 	-92.1655 	← 306° 	82 	900 	-139 Descending 	FlightAware ADS-B (KJEF)
Tue 19:43:54 	38.5997 	-92.1729 	← 252° 	85 	1,100 	316 Climbing 	FlightAware ADS-B (KJEF)
Tue 19:44:14 	38.5932 	-92.1796 	↙ 208° 	97 	1,100 	167 Climbing 	FlightAware ADS-B (KCOU)
Tue 19:44:30 	38.5869 	-92.1788 	↘ 151° 	99 	1,200 	333 Climbing 	FlightAware ADS-B (KCOU)
Tue 19:44:50 	38.5818 	-92.1688 	↘ 122° 	101 	1,300 	158 Climbing 	FlightAware ADS-B (KJEF)
Tue 19:45:08 	38.5774 	-92.1596 	↘ 120° 	100 	1,300 	-143 Descending 	FlightAware ADS-B (KVER)
Tue 19:45:32 	38.5759 	-92.1487 	↗ 54° 	84 	1,200 	-90 Descending 	FlightAware ADS-B (KJEF)
Tue 19:47:22 	38.5997 	-92.1717 	← 303° 	76 	1,100 	47 Climbing 	FlightAware ADS-B (KJEF)
Tue 19:47:39 	38.5973 	-92.1781 	↙ 209° 	82 	1,300 	727 Climbing 	FlightAware ADS-B (KVER)
Tue 19:47:55 	38.5923 	-92.1812 	↙ 201° 	80 	1,500 	563 Climbing 	FlightAware ADS-B (KJEF)
Tue 19:48:11 	38.5861 	-92.1785 	↘ 135° 	90 	1,600 	188 Climbing 	FlightAware ADS-B (KVER)
Tue 19:48:27 	38.5822 	-92.1723 	↘ 127° 	91 	1,600 	 Level 	FlightAware ADS-B (KJEF)
Tue 19:48:43 	38.5784 	-92.1651 	↘ 123° 	90 	1,600 	 Level 	FlightAware ADS-B (KJEF)
Tue 19:49:01 	38.5741 	-92.1568 	↘ 123° 	89 	1,600 	 Level 	FlightAware ADS-B (KVER)
Tue 19:49:19 	38.5707 	-92.1488 	↘ 118° 	83 	1,600 	-343 Descending 	FlightAware ADS-B (KCOU)
Tue 19:49:36 	38.5676 	-92.1417 	↘ 119° 	82 	1,400 	-667 Descending 	FlightAware ADS-B (KVER)
Tue 19:50:04 	38.5727 	-92.1313 	→ 109° 	82 	1,100 	-110 Descending 	FlightAware ADS-B (KJEF)
Tue 19:52:20 	38.5994 	-92.1729 	← 274° 	76 	1,100 	116 Climbing 	FlightAware ADS-B (KCOU)
Tue 19:52:39 	38.5948 	-92.1787 	↙ 210° 	81 	1,400 	686 Climbing 	FlightAware ADS-B (KVER)
Tue 19:52:55 	38.5889 	-92.1809 	↓ 168° 	84 	1,500 	343 Climbing 	FlightAware ADS-B (KCOU)
Tue 19:53:14 	38.5833 	-92.1732 	↘ 125° 	95 	1,600 	293 Climbing 	FlightAware ADS-B (KVER)
Tue 19:53:36 	38.5784 	-92.1635 	↘ 123° 	91 	1,700 	154 Climbing 	FlightAware ADS-B (KCOU)
Tue 19:53:53 	38.5742 	-92.1554 	↘ 124° 	89 	1,700 	-324 Descending 	FlightAware ADS-B (KVER)
Tue 19:54:13 	38.5703 	-92.1472 	↘ 119° 	81 	1,500 	-324 Descending 	FlightAware ADS-B (KVER)
Tue 19:54:30 	38.5675 	-92.1402 	↘ 117° 	80 	1,500 	-316 Descending 	FlightAware ADS-B (KVER)
Tue 19:54:51    Arrival (KJEF) @ Tuesday 19:54:51 CDT
		FlightAware
Tue 19:54:51 	38.5704 	-92.1316 	↗ 23° 	89 	1,300 	-571 Descending 	FlightAware ADS-B (KJEF) 