Time (CDT)	Latitude	Longitude	Course	kts	mph	feet	Rate	Reporting Facility
Fri 08:37:42 AM    Departure (KJEF) @ Friday 08:37:42 AM CDT			 FlightAware
Fri 08:37:42 AM	38.5849	-92.1433	↘ 123°	79	91	931	 Level	 FlightAware ADS-B (KDMO)
Fri 08:38:17 AM	38.5761	-92.1320	↓ 173°	76	87	1,206	787 Climbing	 FlightAware ADS-B (KDMO)
Fri 08:38:33 AM	38.5717	-92.1355	↙ 223°	70	81	1,600	1,161 Climbing	 FlightAware ADS-B (KVER)
Fri 08:38:49 AM	38.5685	-92.1399	↙ 230°	61	70	1,825	682 Climbing	 FlightAware ADS-B (KDMO)
Fri 08:39:06 AM	38.5655	-92.1455	↙ 243°	65	75	1,975	682 Climbing	 FlightAware ADS-B (KCOU)
Fri 08:39:22 AM	38.5638	-92.1505	← 248°	57	66	2,200	706 Climbing	 FlightAware ADS-B (KCOU)
Fri 08:39:40 AM	38.5624	-92.1560	← 261°	53	61	2,375	529 Climbing	 FlightAware ADS-B (KJEF)
Fri 08:39:56 AM	38.5623	-92.1612	← 278°	59	68	2,500	516 Climbing	 FlightAware ADS-B (KMHL)
Fri 08:40:12 AM	38.5622	-92.1668	← 247°	64	74	2,650	609 Climbing	 FlightAware ADS-B (KTBN)
Fri 08:40:28 AM	38.5598	-92.1713	↙ 228°	65	75	2,825	574 Climbing	 FlightAware ADS-B (KTBN)
Fri 08:40:46 AM	38.5568	-92.1776	← 252°	62	71	2,975	441 Climbing	 FlightAware ADS-B (KVER)
Fri 08:41:02 AM	38.5544	-92.1830	↙ 232°	71	82	3,075	516 Climbing	 FlightAware ADS-B (KDMO)
Fri 08:41:18 AM	38.5515	-92.1884	↙ 239°	68	78	3,250	563 Climbing	 FlightAware ADS-B (KTBN)
Fri 08:41:34 AM	38.5492	-92.1937	↙ 243°	67	77	3,375	469 Climbing	 FlightAware ADS-B (KDMO)
Fri 08:41:50 AM	38.5466	-92.1995	↙ 233°	71	82	3,500	516 Climbing	 FlightAware ADS-B (KDMO)
Fri 08:42:06 AM	38.5434	-92.2048	↙ 233°	69	79	3,650	318 Climbing	 FlightAware ADS-B (KJEF)
Fri 08:42:23 AM	38.5399	-92.2117	↙ 242°	83	96	3,675	383 Climbing	 FlightAware ADS-B (KCOU)
Fri 08:42:53 AM	38.5356	-92.2231	↙ 243°	64	74	3,950	210 Climbing	 FlightAware ADS-B (KJEF)
Fri 08:43:13 AM	38.5328	-92.2324	← 253°	89	102	3,850	-125 Descending	 FlightAware ADS-B (KJEF)
Fri 08:43:29 AM	38.5312	-92.2401	← 259°	91	105	3,875	91 Climbing	 FlightAware ADS-B (KTBN)
Fri 08:43:46 AM	38.5306	-92.2495	← 272°	90	104	3,900	44 Climbing	 FlightAware ADS-B (KVER)
Fri 08:44:03 AM	38.5311	-92.2585	← 273°	84	97	3,900	-129 Descending	 FlightAware ADS-B (KSZL)
Fri 08:44:21 AM	38.5315	-92.2672	← 275°	86	99	3,825	-191 Descending	 FlightAware ADS-B (KCOU)
Fri 08:44:50 AM	38.5318	-92.2819	← 272°	81	93	3,750	-56 Descending	 FlightAware ADS-B (KCOU)
Fri 08:45:15 AM	38.5326	-92.2931	← 277°	74	85	3,775	27 Climbing	 FlightAware ADS-B (KVER)
Fri 08:45:46 AM	38.5346	-92.3069	← 282°	76	87	3,775	-63 Descending	 FlightAware ADS-B (KVER)
Fri 08:46:03 AM	38.5357	-92.3148	← 268°	80	92	3,725	-81 Descending	 FlightAware ADS-B (KSZL)
Fri 08:46:23 AM	38.5285	-92.3199	↓ 174°	111	128	3,725	-39 Descending	 FlightAware ADS-B (KVER)
Fri 08:46:41 AM	38.5207	-92.3146	↘ 149°	120	138	3,700	-105 Descending	 FlightAware ADS-B (KJEF)
Fri 08:47:06 AM	38.5116	-92.3210	↙ 239°	88	101	3,650	-35 Descending	 FlightAware ADS-B (KVER)
Fri 08:47:24 AM	38.5088	-92.3289	← 249°	85	98	3,675	243 Climbing	 FlightAware ADS-B (KCOU)
Fri 08:47:43 AM	38.5070	-92.3381	← 261°	77	89	3,800	-122 Descending	 FlightAware ADS-B (KSZL)
Fri 08:48:01 AM	38.5073	-92.3461	← 281°	87	100	3,600	-375 Descending	 FlightAware ADS-B (KJEF)
Fri 08:48:27 AM	38.5093	-92.3584	← 280°	80	92	3,525	-202 Descending	 FlightAware ADS-B (KTBN)
Fri 08:48:53 AM	38.5118	-92.3707	← 288°	81	93	3,425	-188 Descending	 FlightAware ADS-B (KSZL)
Fri 08:49:15 AM	38.5147	-92.3804	← 292°	82	94	3,375	-39 Descending	 FlightAware ADS-B (KSZL)
Fri 08:49:31 AM	38.5140	-92.3871	↙ 243°	84	97	3,400	-167 Descending	 FlightAware ADS-B (KCOU)
Fri 08:49:51 AM	38.5056	-92.3909	↓ 167°	113	130	3,275	-237 Descending	 FlightAware ADS-B (KVER)
Fri 08:50:09 AM	38.4978	-92.3859	↓ 189°	105	121	3,250	-86 Descending	 FlightAware ADS-B (KJEF)
Fri 08:50:26 AM	38.4923	-92.3918	↙ 224°	89	102	3,225	-122 Descending	 FlightAware ADS-B (KMHL)
Fri 08:50:46 AM	38.4827	-92.3940	↓ 169°	114	131	3,175	-33 Descending	 FlightAware ADS-B (KCOU)
Fri 08:51:11 AM	38.4701	-92.3917	↓ 175°	109	125	3,200	36 Climbing	 FlightAware ADS-B (KCOU)
Fri 08:51:28 AM	38.4625	-92.3909	↓ 176°	107	123	3,200	31 Climbing	 FlightAware ADS-B (KDMO)
Fri 08:52:00 AM	38.4468	-92.3887	↓ 174°	106	122	3,225	63 Climbing	 FlightAware ADS-B (KTBN)
Fri 08:52:16 AM	38.4383	-92.3876	↓ 176°	104	120	3,250	102 Climbing	 FlightAware ADS-B (KSZL)
Fri 08:52:44 AM	38.4251	-92.3870	↓ 182°	99	114	3,300	63 Climbing	 FlightAware ADS-B (KVER)
Fri 08:53:04 AM	38.4162	-92.3873	↓ 178°	99	114	3,300	 Level	 FlightAware ADS-B (KVER)
Fri 08:53:31 AM	38.4036	-92.3878	↓ 180°	99	114	3,300	33 Climbing	 FlightAware ADS-B (KSZL)
Fri 08:53:49 AM	38.3955	-92.3874	↓ 179°	98	113	3,325	-44 Descending	 FlightAware ADS-B (KTBN)
Fri 08:54:05 AM	38.3881	-92.3871	↓ 178°	104	120	3,275	-42 Descending	 FlightAware ADS-B (KDMO)
Fri 08:54:25 AM	38.3787	-92.3873	↓ 179°	96	110	3,300	 Level	 FlightAware ADS-B (KVER)
Fri 08:54:45 AM	38.3692	-92.3862	↓ 169°	104	120	3,275	-65 Descending	 FlightAware ADS-B (KSZL)
Fri 08:55:11 AM	38.3571	-92.3821	↓ 169°	105	121	3,250	33 Climbing	 FlightAware ADS-B (KCOU)
Fri 08:55:30 AM	38.3476	-92.3807	↓ 170°	101	116	3,300	42 Climbing	 FlightAware ADS-B (KVER)
Fri 08:55:47 AM	38.3398	-92.3789	↓ 172°	102	117	3,275	-42 Descending	 FlightAware ADS-B (KSZL)
Fri 08:56:06 AM	38.3321	-92.3806	↙ 236°	76	87	3,275	-86 Descending	 FlightAware ADS-B (KVER)
Fri 08:56:22 AM	38.3348	-92.3850	↑ 4°	96	110	3,225	-91 Descending	 FlightAware ADS-B (KCOU)
Fri 08:56:39 AM	38.3427	-92.3824	↑ 14°	100	115	3,225	91 Climbing	 FlightAware ADS-B (KVER)
Fri 08:56:55 AM	38.3493	-92.3811	↑ 9°	84	97	3,275	94 Climbing	 FlightAware ADS-B (KCOU)
Fri 08:57:11 AM	38.3538	-92.3794	↗ 27°	55	63	3,275	-397 Descending	 FlightAware ADS-B (KCOU)
Fri 08:57:29 AM	38.3581	-92.3761	↗ 33°	55	63	3,050	-811 Descending	 FlightAware ADS-B (KVER)
Fri 08:57:48 AM	38.3623	-92.3727	↗ 26°	72	83	2,775	-279 Descending	 FlightAware ADS-B (KVER)
Fri 08:58:12 AM	38.3703	-92.3692	↑ 14°	88	101	2,850	409 Climbing	 FlightAware ADS-B (KMHL)
Fri 08:58:32 AM	38.3780	-92.3666	↑ 17°	83	96	3,075	577 Climbing	 FlightAware ADS-B (KVER)
Fri 08:58:51 AM	38.3852	-92.3625	↑ 20°	89	102	3,225	343 Climbing	 FlightAware ADS-B (KVER)
Fri 08:59:07 AM	38.3919	-92.3593	↗ 25°	98	113	3,275	158 Climbing	 FlightAware ADS-B (KVER)
Fri 08:59:29 AM	38.4008	-92.3541	↗ 23°	94	108	3,325	115 Climbing	 FlightAware ADS-B (KDMO)
Fri 08:59:59 AM	38.4132	-92.3492	↑ 14°	89	102	3,375	90 Climbing	 FlightAware ADS-B (KSZL)
Fri 09:00:19 AM	38.4211	-92.3469	↑ 13°	88	101	3,400	-39 Descending	 FlightAware ADS-B (KSZL)
Fri 09:00:37 AM	38.4285	-92.3446	↑ 19°	96	110	3,350	 Level	 FlightAware ADS-B (KSZL)
Fri 09:01:03 AM	38.4387	-92.3403	↑ 15°	90	104	3,400	 Level	 FlightAware ADS-B (KSZL)
Fri 09:01:19 AM	38.4452	-92.3383	↑ 13°	94	108	3,350	 Level	 FlightAware ADS-B (KTBN)
Fri 09:01:35 AM	38.4512	-92.3398	↖ 318°	72	83	3,400	141 Climbing	 FlightAware ADS-B (KDMO)
Fri 09:01:51 AM	38.4567	-92.3419	↑ 3°	83	96	3,425	34 Climbing	 FlightAware ADS-B (KSZL)
Fri 09:02:19 AM	38.4676	-92.3409	↑ 1°	84	97	3,425	 Level	 FlightAware ADS-B (KCOU)
Fri 09:02:41 AM	38.4764	-92.3398	↑ 8°	91	105	3,425	 Level	 FlightAware ADS-B (KMHL)
Fri 09:02:59 AM	38.4841	-92.3386	↑ 8°	92	106	3,425	 Level	 FlightAware ADS-B (KJEF)
Fri 09:03:15 AM	38.4905	-92.3377	↑ 6°	92	106	3,425	-42 Descending	 FlightAware ADS-B (KJEF)
Fri 09:03:35 AM	38.4994	-92.3362	↑ 12°	94	108	3,400	-150 Descending	 FlightAware ADS-B (KJEF)
Fri 09:03:55 AM	38.5073	-92.3333	↑ 16°	98	113	3,325	-79 Descending	 FlightAware ADS-B (KJEF)
Fri 09:04:13 AM	38.5153	-92.3301	↑ 15°	93	107	3,350	 Level	 FlightAware ADS-B (KCOU)
Fri 09:04:45 AM	38.5281	-92.3252	↑ 18°	95	109	3,325	 Level	 FlightAware ADS-B (KVER)
Fri 09:05:04 AM	38.5367	-92.3218	↑ 19°	93	107	3,350	-41 Descending	 FlightAware ADS-B (KCOU)
Fri 09:05:22 AM	38.5434	-92.3182	↗ 25°	91	105	3,300	-300 Descending	 FlightAware ADS-B (KJEF)
Fri 09:05:39 AM	38.5501	-92.3143	↑ 20°	96	110	3,175	-129 Descending	 FlightAware ADS-B (KVER)
Fri 09:05:57 AM	38.5577	-92.3129	↑ 359°	85	98	3,225	105 Climbing	 FlightAware ADS-B (KCOU)
Fri 09:06:22 AM	38.5670	-92.3142	↑ 352°	83	96	3,250	55 Climbing	 FlightAware ADS-B (KVER)
Fri 09:06:52 AM	38.5789	-92.3169	↑ 348°	83	96	3,275	65 Climbing	 FlightAware ADS-B (KCOU)
Fri 09:07:08 AM	38.5843	-92.3183	↑ 348°	84	97	3,300	65 Climbing	 FlightAware ADS-B (KVER)
Fri 09:07:38 AM	38.5962	-92.3216	↑ 350°	83	96	3,325	49 Climbing	 FlightAware ADS-B (KCOU)
Fri 09:08:09 AM	38.6076	-92.3240	↑ 351°	83	96	3,350	 Level	 FlightAware ADS-B (KCOU)
Fri 09:08:25 AM	38.6139	-92.3254	↑ 349°	88	101	3,325	-35 Descending	 FlightAware ADS-B (KJEF)
Fri 09:08:52 AM	38.6247	-92.3281	↑ 350°	87	100	3,325	 Level	 FlightAware ADS-B (KJEF)
Fri 09:09:23 AM	38.6364	-92.3302	↑ 351°	85	98	3,325	-29 Descending	 FlightAware ADS-B (KMHL)
Fri 09:09:44 AM	38.6449	-92.3321	↑ 352°	80	92	3,300	-183 Descending	 FlightAware ADS-B (KCOU)
Fri 09:10:04 AM	38.6509	-92.3326	↑ 7°	60	69	3,200	-458 Descending	 FlightAware ADS-B (KMHL)
Fri 09:10:20 AM	38.6557	-92.3313	↑ 17°	64	74	3,025	-607 Descending	 FlightAware ADS-B (KCOU)
Fri 09:10:46 AM	38.6627	-92.3265	↗ 31°	66	76	2,775	-558 Descending	 FlightAware ADS-B (KDMO)
Fri 09:11:03 AM	38.6674	-92.3238	↑ 16°	60	69	2,625	-618 Descending	 FlightAware ADS-B (KSZL)
Fri 09:11:20 AM	38.6720	-92.3234	↑ 354°	54	62	2,425	-689 Descending	 FlightAware ADS-B (KCOU)
Fri 09:11:40 AM	38.6771	-92.3247	↑ 347°	58	67	2,200	-675 Descending	 FlightAware ADS-B (KCOU)
Fri 09:12:00 AM	38.6826	-92.3238	↗ 44°	79	91	1,975	-390 Descending	 FlightAware ADS-B (KCOU)
Fri 09:12:30 AM	38.6824	-92.3088	→ 109°	99	114	1,875	 Level	 FlightAware ADS-B (KCOU)
Fri 09:12:56 AM	38.6778	-92.2939	↘ 112°	107	123	1,975	244 Climbing	 FlightAware ADS-B (KCOU)
Fri 09:13:13 AM	38.6745	-92.2834	↘ 111°	111	128	2,050	214 Climbing	 FlightAware ADS-B (KDMO)
Fri 09:13:31 AM	38.6697	-92.2738	↓ 157°	104	120	2,100	39 Climbing	 FlightAware ADS-B (KCOU)
Fri 09:13:51 AM	38.6640	-92.2788	← 274°	81	93	2,075	-75 Descending	 FlightAware ADS-B (KDMO)
Fri 09:14:11 AM	38.6690	-92.2854	↖ 336°	92	106	2,050	-67 Descending	 FlightAware ADS-B (KMHL)
Fri 09:14:36 AM	38.6792	-92.2904	↖ 338°	88	101	2,025	 Level	 FlightAware ADS-B (KCOU)
Fri 09:14:55 AM	38.6858	-92.2942	↖ 319°	80	92	2,050	43 Climbing	 FlightAware ADS-B (KDMO)
Fri 09:15:11 AM	38.6862	-92.3010	↙ 226°	84	97	2,050	 Level	 FlightAware ADS-B (KCOU)
Fri 09:15:30 AM	38.6784	-92.3003	↘ 148°	112	129	2,050	 Level	 FlightAware ADS-B (KSZL)
Fri 09:15:50 AM	38.6695	-92.2933	↘ 149°	109	125	2,050	41 Climbing	 FlightAware ADS-B (KSZL)
Fri 09:16:07 AM	38.6622	-92.2875	↘ 148°	107	123	2,075	71 Climbing	 FlightAware ADS-B (KSZL)
Fri 09:16:32 AM	38.6532	-92.2769	↘ 127°	114	131	2,100	34 Climbing	 FlightAware ADS-B (KMHL)
Fri 09:16:51 AM	38.6475	-92.2669	↘ 125°	114	131	2,100	 Level	 FlightAware ADS-B (KJEF)
Fri 09:17:07 AM	38.6425	-92.2570	↘ 121°	116	133	2,100	-44 Descending	 FlightAware ADS-B (KCOU)
Fri 09:17:25 AM	38.6378	-92.2472	↘ 122°	118	136	2,075	-190 Descending	 FlightAware ADS-B (KJEF)
Fri 09:18:26 AM	38.6197	-92.2111	↘ 124°	114	131	1,850	-253 Descending	 FlightAware ADS-B (KCOU)
Fri 09:18:42 AM	38.6152	-92.2018	↘ 120°	109	125	1,750	-333 Descending	 FlightAware ADS-B (KDMO)
Fri 09:19:02 AM	38.6103	-92.1921	↘ 123°	85	98	1,650	-446 Descending	 FlightAware ADS-B (KDMO)
Fri 09:19:19 AM	38.6068	-92.1852	↘ 121°	83	96	1,475	-557 Descending	 FlightAware ADS-B (KCOU)
Fri 09:19:37 AM	38.6031	-92.1787	↘ 126°	77	89	1,325	-171 Descending	 FlightAware ADS-B (KJEF)
Fri 09:19:54 AM	38.5999	-92.1714	↘ 119°	88	101	1,375	171 Climbing	 FlightAware ADS-B (KJEF)
Fri 09:20:12 AM	38.5956	-92.1619	↘ 119°	102	117	1,425	118 Climbing	 FlightAware ADS-B (KJEF)
Fri 09:20:32 AM	38.5911	-92.1514	↘ 118°	101	116	1,450	81 Climbing	 FlightAware ADS-B (KDMO)
Fri 09:20:49 AM	38.5872	-92.1428	↘ 126°	104	120	1,475	70 Climbing	 FlightAware ADS-B (KJEF)
Fri 09:21:15 AM	38.5795	-92.1414	← 286°	88	101	1,500	107 Climbing	 FlightAware ADS-B (KDMO)
Fri 09:21:31 AM	38.5807	-92.1491	← 273°	84	97	1,550	188 Climbing	 FlightAware ADS-B (KVER)
Fri 09:21:47 AM	38.5799	-92.1567	← 259°	79	91	1,600	188 Climbing	 FlightAware ADS-B (KJEF)
Fri 09:22:03 AM	38.5815	-92.1642	← 305°	85	98	1,650	141 Climbing	 FlightAware ADS-B (KCOU)
Fri 09:22:19 AM	38.5850	-92.1706	← 306°	84	97	1,675	-88 Descending	 FlightAware ADS-B (KCOU)
Fri 09:22:37 AM	38.5887	-92.1773	← 307°	67	77	1,600	-333 Descending	 FlightAware ADS-B (KCOU)
Fri 09:22:55 AM	38.5919	-92.1828	← 306°	70	81	1,475	-397 Descending	 FlightAware ADS-B (KJEF)
Fri 09:23:11 AM	38.5957	-92.1881	↑ 344°	82	94	1,375	-333 Descending	 FlightAware ADS-B (KVER)
Fri 09:23:31 AM	38.6028	-92.1825	↗ 48°	85	98	1,275	-385 Descending	 FlightAware ADS-B (KJEF)
Fri 09:23:50 AM	38.6013	-92.1751	↘ 126°	72	83	1,125	-514 Descending	 FlightAware ADS-B (KJEF)
Fri 09:24:06 AM	38.5986	-92.1697	↘ 123°	67	77	975	201 Climbing	 FlightAware ADS-B (KJEF)
Fri 09:26:12 AM	38.5744	-92.1321	↙ 204°	67	77	1,600	339 Climbing	 FlightAware ADS-B (KVER)
Fri 09:26:32 AM	38.5699	-92.1368	← 261°	63	72	1,800	417 Climbing	 FlightAware ADS-B (KCOU)
Fri 09:26:48 AM	38.5715	-92.1431	← 303°	80	92	1,850	43 Climbing	 FlightAware ADS-B (KCOU)
Fri 09:27:07 AM	38.5750	-92.1505	← 296°	77	89	1,825	-86 Descending	 FlightAware ADS-B (KVER)
Fri 09:27:23 AM	38.5779	-92.1572	← 302°	78	90	1,800	-83 Descending	 FlightAware ADS-B (KCOU)
Fri 09:27:43 AM	38.5817	-92.1653	← 299°	79	91	1,775	-75 Descending	 FlightAware ADS-B (KCOU)
Fri 09:28:03 AM	38.5850	-92.1732	← 299°	67	77	1,750	-293 Descending	 FlightAware ADS-B (KCOU)
Fri 09:28:24 AM	38.5881	-92.1794	← 303°	67	77	1,575	-563 Descending	 FlightAware ADS-B (KVER)
Fri 09:28:43 AM	38.5926	-92.1862	← 314°	78	90	1,375	-458 Descending	 FlightAware ADS-B (KJEF)
Fri 09:29:00 AM	38.5983	-92.1879	↗ 22°	93	107	1,300	-227 Descending	 FlightAware ADS-B (KVER)
Fri 09:29:16 AM	38.6033	-92.1829	↗ 45°	85	98	1,250	-227 Descending	 FlightAware ADS-B (KVER)
Fri 09:29:33 AM	38.6016	-92.1754	↘ 124°	71	82	1,175	-386 Descending	 FlightAware ADS-B (KJEF)
Fri 09:29:51 AM    Arrival (KJEF) @ Friday 09:29:51 AM CDT			 FlightAware
Fri 09:29:51 AM	38.5986	-92.1694	↘ 124°	67	77	1,025	-500 Descending	 FlightAware ADS-B (KJEF)