Time (CDT)	Latitude	Longitude	Course	kts	feet	Rate	Reporting Facility
Tue 18:37:59    Departure (KJEF) @ Tuesday 18:37:59 CDT		 FlightAware
Tue 18:37:59	38.6014	-92.1744	← 273°	83	1,231	 Level	 FlightAware ADS-B (KCOU)
Tue 18:39:09	38.5825	-92.1777	↘ 121°	104	1,600	118 Climbing	 FlightAware ADS-B (KCOU)
Tue 18:39:25	38.5788	-92.1695	↘ 120°	103	1,400	-409 Descending	 FlightAware ADS-B (KJEF)
Tue 18:39:53	38.5728	-92.1548	↘ 116°	102	1,300	-77 Descending	 FlightAware ADS-B (KVER)
Tue 18:43:20	38.6006	-92.1807	↙ 220°	94	1,100	27 Climbing	 FlightAware ADS-B (KVER)
Tue 18:43:39	38.5938	-92.1867	↙ 207°	89	1,400	514 Climbing	 FlightAware ADS-B (KCOU)
Tue 18:43:55	38.5874	-92.1840	↘ 122°	107	1,400	 Level	 FlightAware ADS-B (KJEF)
Tue 18:44:15	38.5820	-92.1733	↘ 124°	101	1,400	-154 Descending	 FlightAware ADS-B (KCOU)
Tue 18:44:34	38.5776	-92.1646	↘ 121°	100	1,300	-154 Descending	 FlightAware ADS-B (KVER)
Tue 18:44:54	38.5730	-92.1540	↘ 119°	93	1,300	-26 Descending	 FlightAware ADS-B (KVER)
Tue 18:48:23	38.5943	-92.1809	↙ 212°	84	1,200	 Level	 FlightAware ADS-B (KCOU)
Tue 18:48:40	38.5884	-92.1829	↓ 156°	94	1,300	158 Climbing	 FlightAware ADS-B (KVER)
Tue 18:49:01	38.5825	-92.1724	↘ 123°	100	1,300	 Level	 FlightAware ADS-B (KJEF)
Tue 18:49:22	38.5772	-92.1615	↘ 122°	102	1,300	162 Climbing	 FlightAware ADS-B (KCOU)
Tue 18:49:38	38.5736	-92.1544	↘ 124°	88	1,400	-26 Descending	 FlightAware ADS-B (KVER)
Tue 18:53:11	38.5931	-92.1823	↙ 216°	82	1,200	-26 Descending	 FlightAware ADS-B (KJEF)
Tue 18:53:28	38.5873	-92.1826	↘ 138°	98	1,300	146 Climbing	 FlightAware ADS-B (KVER)
Tue 18:53:52	38.5808	-92.1710	↘ 124°	102	1,300	 Level	 FlightAware ADS-B (KJEF)
Tue 18:54:09	38.5766	-92.1622	↘ 118°	101	1,300	 Level	 FlightAware ADS-B (KCOU)
Tue 18:54:25	38.5734	-92.1545	↘ 119°	94	1,300	-27 Descending	 FlightAware ADS-B (KVER)
Tue 18:57:49	38.5949	-92.1789	↙ 220°	83	1,200	27 Climbing	 FlightAware ADS-B (KVER)
Tue 18:58:05	38.5903	-92.1831	↙ 201°	86	1,400	375 Climbing	 FlightAware ADS-B (KVER)
Tue 18:58:21	38.5845	-92.1782	↘ 120°	104	1,400	 Level	 FlightAware ADS-B (KJEF)
Tue 18:58:39	38.5799	-92.1685	↘ 122°	102	1,400	-158 Descending	 FlightAware ADS-B (KJEF)
Tue 18:58:59	38.5755	-92.1587	↘ 119°	99	1,300	-26 Descending	 FlightAware ADS-B (KVER)
Tue 19:02:30	38.5936	-92.1799	↙ 216°	78	1,300	 Level	 FlightAware ADS-B (KVER)
Tue 19:02:46	38.5878	-92.1829	↓ 167°	91	1,300	 Level	 FlightAware ADS-B (KJEF)
Tue 19:03:02	38.5830	-92.1757	↘ 122°	102	1,300	 Level	 FlightAware ADS-B (KJEF)
Tue 19:03:20	38.5787	-92.1666	↘ 121°	98	1,300	 Level	 FlightAware ADS-B (KCOU)
Tue 19:03:39	38.5746	-92.1572	↘ 119°	100	1,300	 Level	 FlightAware ADS-B (KVER)
Tue 19:03:57	38.5710	-92.1489	↘ 120°	79	1,300	-28 Descending	 FlightAware ADS-B (KCOU)
Tue 19:07:11	38.5942	-92.1788	↙ 218°	78	1,200	 Level	 FlightAware ADS-B (KVER)
Tue 19:07:29	38.5883	-92.1832	↓ 188°	87	1,300	158 Climbing	 FlightAware ADS-B (KJEF)
Tue 19:07:49	38.5827	-92.1750	↘ 119°	94	1,300	162 Climbing	 FlightAware ADS-B (KCOU)
Tue 19:08:06	38.5794	-92.1677	↘ 122°	92	1,400	182 Climbing	 FlightAware ADS-B (KVER)
Tue 19:08:22	38.5756	-92.1594	↘ 120°	97	1,400	-182 Descending	 FlightAware ADS-B (KCOU)
Tue 19:08:39	38.5720	-92.1513	↘ 118°	89	1,300	-57 Descending	 FlightAware ADS-B (KVER)
Tue 19:11:54	38.5945	-92.1777	↙ 219°	75	1,200	 Level	 FlightAware ADS-B (KCOU)
Tue 19:12:12	38.5892	-92.1820	↓ 199°	90	1,300	162 Climbing	 FlightAware ADS-B (KVER)
Tue 19:12:31	38.5832	-92.1760	↘ 117°	95	1,300	 Level	 FlightAware ADS-B (KCOU)
Tue 19:12:48	38.5802	-92.1686	↘ 119°	90	1,300	 Level	 FlightAware ADS-B (KVER)
Tue 19:13:13	38.5746	-92.1574	↘ 122°	92	1,300	-26 Descending	 FlightAware ADS-B (KVER)
Tue 19:16:43	38.5941	-92.1777	↙ 218°	76	1,200	 Level	 FlightAware ADS-B (KCOU)
Tue 19:17:02	38.5881	-92.1822	↓ 186°	87	1,300	343 Climbing	 FlightAware ADS-B (KJEF)
Tue 19:17:18	38.5836	-92.1761	↘ 117°	94	1,400	 Level	 FlightAware ADS-B (KCOU)
Tue 19:17:38	38.5793	-92.1662	↘ 120°	95	1,300	-143 Descending	 FlightAware ADS-B (KCOU)
Tue 19:18:00	38.5750	-92.1567	↘ 119°	92	1,300	 Level	 FlightAware ADS-B (KVER)
Tue 19:18:16	38.5715	-92.1499	↘ 123°	80	1,300	 Level	 FlightAware ADS-B (KVER)
Tue 19:18:32	38.5686	-92.1436	↘ 121°	77	1,300	-171 Descending	 FlightAware ADS-B (KVER)
Tue 19:18:51	38.5724	-92.1363	↗ 33°	84	1,200	-96 Descending	 FlightAware ADS-B (KCOU)
Tue 19:21:39	38.6058	-92.1819	↓ 168°	78	1,000	18 Climbing	 FlightAware ADS-B (KCOU)
Tue 19:24:17	38.5941	-92.1316	↗ 28°	86	1,300	128 Climbing	 FlightAware ADS-B (KCOU)
Tue 19:24:47	38.6025	-92.1453	← 304°	101	1,400	130 Climbing	 FlightAware ADS-B (KCOU)
Tue 19:25:03	38.6069	-92.1531	← 308°	100	1,400	-162 Descending	 FlightAware ADS-B (KCOU)
Tue 19:25:24	38.6122	-92.1617	← 309°	88	1,300	-439 Descending	 FlightAware ADS-B (KCOU)
Tue 19:25:44	38.6161	-92.1703	← 270°	87	1,100	-474 Descending	 FlightAware ADS-B (KCOU)
Tue 19:26:02	38.6116	-92.1766	↙ 218°	78	1,000	-308 Descending	 FlightAware ADS-B (KVER)
Tue 19:26:23	38.6056	-92.1809	↙ 215°	72	900	98 Climbing	 FlightAware ADS-B (KCOU)
Tue 19:29:05	38.5940	-92.1303	← 312°	94	1,300	160 Climbing	 FlightAware ADS-B (KCOU)
Tue 19:29:30	38.6016	-92.1435	← 307°	104	1,400	 Level	 FlightAware ADS-B (KJEF)
Tue 19:29:57	38.6092	-92.1558	← 310°	97	1,300	-316 Descending	 FlightAware ADS-B (KCOU)
Tue 19:30:27	38.6158	-92.1684	← 306°	85	1,100	-490 Descending	 FlightAware ADS-B (KCOU)
Tue 19:30:46	38.6118	-92.1761	↙ 218°	74	900	62 Climbing	 FlightAware ADS-B (KVER)
Tue 19:33:40	38.5929	-92.1313	↑ 3°	88	1,300	126 Climbing	 FlightAware ADS-B (KCOU)
Tue 19:33:56	38.5981	-92.1367	← 308°	102	1,300	 Level	 FlightAware ADS-B (KCOU)
Tue 19:34:14	38.6039	-92.1464	← 308°	103	1,300	 Level	 FlightAware ADS-B (KJEF)
Tue 19:34:32	38.6087	-92.1543	← 308°	103	1,300	-140 Descending	 FlightAware ADS-B (KCOU)
Tue 19:34:57	38.6152	-92.1646	← 310°	89	1,200	-235 Descending	 FlightAware ADS-B (KCOU)
Tue 19:35:23	38.6119	-92.1753	↙ 231°	85	1,100	-279 Descending	 FlightAware ADS-B (KVER)
Tue 19:35:40	38.6082	-92.1800	↙ 223°	67	1,000	63 Climbing	 FlightAware ADS-B (KVER)
Tue 19:38:34	38.5945	-92.1329	← 308°	98	1,300	125 Climbing	 FlightAware ADS-B (KCOU)
Tue 19:38:52	38.6000	-92.1421	← 307°	103	1,400	171 Climbing	 FlightAware ADS-B (KDMO)
Tue 19:39:09	38.6049	-92.1506	← 306°	108	1,400	-167 Descending	 FlightAware ADS-B (KDMO)
Tue 19:39:28	38.6102	-92.1592	← 309°	94	1,300	-167 Descending	 FlightAware ADS-B (KDMO)
Tue 19:39:45	38.6148	-92.1661	← 311°	88	1,300	-171 Descending	 FlightAware ADS-B (KVER)
Tue 19:40:03	38.6148	-92.1737	↙ 220°	77	1,200	-353 Descending	 FlightAware ADS-B (KVER)
Tue 19:40:19	38.6107	-92.1779	↙ 216°	64	1,100	-364 Descending	 FlightAware ADS-B (KVER)
Tue 19:40:36	38.6063	-92.1811	↓ 194°	66	1,000	69 Climbing	 FlightAware ADS-B (KCOU)
Tue 19:43:12	38.5949	-92.1345	↖ 316°	93	1,300	105 Climbing	 FlightAware ADS-B (KCOU)
Tue 19:43:28	38.5997	-92.1412	← 312°	104	1,300	 Level	 FlightAware ADS-B (KCOU)
Tue 19:43:50	38.6069	-92.1525	← 309°	105	1,300	 Level	 FlightAware ADS-B (KDMO)
Tue 19:44:07	38.6116	-92.1594	← 312°	85	1,300	-167 Descending	 FlightAware ADS-B (KCOU)
Tue 19:44:26	38.6165	-92.1667	← 296°	83	1,200	-409 Descending	 FlightAware ADS-B (KCOU)
Tue 19:44:51	38.6124	-92.1758	↙ 221°	68	1,000	-346 Descending	 FlightAware ADS-B (KVER)
Tue 19:45:18    Arrival (KJEF) @ Tuesday 19:45:18 CDT		 FlightAware
Tue 19:45:18	38.6053	-92.1810	↓ 177°	64	900	-222 Descending	 FlightAware ADS-B (KCOU)